<?xml version="1.0" encoding="UTF-8"?>
<!-- Generated by org.testng.reporters.JUnitReportReporter -->
<testsuite hostname="SHEAKHAR-PC1" name="testPage2" tests="1" failures="0" timestamp="24 Oct 2016 00:40:32 GMT" time="68.219" errors="0">
  <testcase name="expediaTest" time="68.219" classname="testPage2"/>
</testsuite> <!-- testPage2 -->
