<?xml version="1.0" encoding="UTF-8"?>
<!-- Generated by org.testng.reporters.JUnitReportReporter -->
<testsuite hostname="SHEAKHAR-PC1" name="com.expedia.common.CommonToPageTest" tests="2" failures="0" timestamp="3 Sep 2016 02:42:59 GMT" time="0.259" errors="0">
  <testcase name="testVerifyLogo" time="0.052" classname="com.expedia.common.CommonToPageTest"/>
  <testcase name="testVerifyHeaderLinks" time="0.207" classname="com.expedia.common.CommonToPageTest"/>
</testsuite> <!-- com.expedia.common.CommonToPageTest -->
